<?xml version="1.0" encoding="UTF-8"?>
<testsuite xmlns:xsi="http://www.w3.org/2001/XMLSchema-instance" xsi:noNamespaceSchemaLocation="https://maven.apache.org/surefire/maven-surefire-plugin/xsd/surefire-test-report-3.0.xsd" version="3.0" name="TestSuite" time="16.995" tests="5" errors="0" skipped="0" failures="1">
  <properties>
[...]
</properties>
  <testcase name="LoginOrange" classname="com.Frame.qa.TestCases.LoginPageTest" time="6.362"/>
  <testcase name="LoginOrange" classname="com.Frame.qa.TestCases.LoginPageTest" time="6.993">
    <failure message="&#10;Data provider mismatch&#10;Method: LoginOrange([Parameter{index=0, type=[Ljava.lang.String;, declaredAnnotations=[]}])&#10;Arguments: []" type="org.testng.internal.reflect.MethodMatcherException"><![CDATA[org.testng.internal.reflect.MethodMatcherException: 

Data provider mismatch
Method: LoginOrange([Parameter{index=0, type=[Ljava.lang.String;, declaredAnnotations=[]}])
Arguments: []
]]></failure>
  </testcase>
  <testcase name="signIn" classname="com.Frame.qa.TestCases.OrangeHRMDashboardTest" time="1.19"/>
  <testcase name="loginPageTitle" classname="com.Frame.qa.TestCases.OrangeHRMDashboardTest" time="0.676"/>
  <testcase name="formTest" classname="com.Frame.qa.TestCases.AdminPageTest" time="1.725"/>
</testsuite>