<?xml version="1.0" encoding="UTF-8"?>
<!-- Generated by org.testng.reporters.JUnitXMLReporter -->
<testsuite ignored="0" hostname="DESKTOP-3OCF0EL" failures="1" tests="5" name="Framework OrangeHRM TestCases" time="11.153" errors="0" timestamp="14 Aug. 2020 16:27:08 GMT">
  <testcase classname="com.Frame.qa.TestCases.LoginPageTest" name="LoginOrange" time="5.638"/>
  <testcase classname="com.Frame.qa.TestCases.LoginPageTest" name="LoginOrange" time="6.894">
    <failure type="org.testng.internal.reflect.MethodMatcherException" message="
Data provider mismatch
Method: LoginOrange([Parameter{index=0, type=[Ljava.lang.String;, declaredAnnotations=[]}])
Arguments: []">
      <![CDATA[org.testng.internal.reflect.MethodMatcherException: 
Data provider mismatch
Method: LoginOrange([Parameter{index=0, type=[Ljava.lang.String;, declaredAnnotations=[]}])
Arguments: []
... Removed 24 stack frames]]>
    </failure>
  </testcase> <!-- LoginOrange -->
  <testcase classname="com.Frame.qa.TestCases.OrangeHRMDashboardTest" name="signIn" time="0.506"/>
  <testcase classname="com.Frame.qa.TestCases.AdminPageTest" name="formTest" time="0.581"/>
  <testcase classname="com.Frame.qa.TestCases.OrangeHRMDashboardTest" name="loginPageTitle" time="0.007"/>
</testsuite> <!-- Framework OrangeHRM TestCases -->
