<?xml version="1.0" encoding="UTF-8"?>
<!-- Generated by org.testng.reporters.JUnitXMLReporter -->
<testsuite ignored="0" hostname="DESKTOP-3OCF0EL" failures="1" tests="5" name="Framework Zoom TestCases" time="13.545" errors="0" timestamp="17 Jul. 2020 00:21:38 GMT">
  <testcase classname="com.Frame.qa.TestCases.LoginPageTest" name="LoginOrange" time="4.615"/>
  <testcase classname="com.Frame.qa.TestCases.LoginPageTest" name="LoginOrange" time="6.676">
    <failure type="org.testng.internal.reflect.MethodMatcherException" message="
Data provider mismatch
Method: LoginOrange([Parameter{index=0, type=java.lang.String, declaredAnnotations=[]}, Parameter{index=1, type=java.lang.String, declaredAnnotations=[]}])
Arguments: []">
      <![CDATA[org.testng.internal.reflect.MethodMatcherException: 
Data provider mismatch
Method: LoginOrange([Parameter{index=0, type=java.lang.String, declaredAnnotations=[]}, Parameter{index=1, type=java.lang.String, declaredAnnotations=[]}])
Arguments: []
... Removed 24 stack frames]]>
    </failure>
  </testcase> <!-- LoginOrange -->
  <testcase classname="com.Frame.qa.TestCases.LoginPageZoomTest" name="signIn" time="1.005"/>
  <testcase classname="com.Frame.qa.TestCases.AdminPageTest" name="formTest" time="1.472"/>
  <testcase classname="com.Frame.qa.TestCases.LoginPageZoomTest" name="loginPageTitle" time="0.012"/>
</testsuite> <!-- Framework Zoom TestCases -->
